<?xml version="1.0" encoding="UTF-8"?>
<testsuite xmlns:xsi="http://www.w3.org/2001/XMLSchema-instance" xsi:noNamespaceSchemaLocation="https://maven.apache.org/surefire/maven-surefire-plugin/xsd/surefire-test-report-3.0.xsd" version="3.0" name="com.example.groupshop.GroupshopApplicationTests" time="1.968" tests="2" errors="0" skipped="0" failures="0">
  <properties>
[...]
</properties>
  <testcase name="contextLoads" classname="com.example.groupshop.GroupshopApplicationTests" time="0.423">
    <system-out><![CDATA[17:04:16.890 [main] INFO org.springframework.test.context.support.AnnotationConfigContextLoaderUtils -- Could not detect default configuration classes for test class [com.example.groupshop.GroupshopApplicationTests]: GroupshopApplicationTests does not declare any static, non-private, non-final, nested classes annotated with @Configuration.
17:04:16.935 [main] INFO org.springframework.boot.test.context.SpringBootTestContextBootstrapper -- Found @SpringBootConfiguration com.example.groupshop.GroupshopApplication for test class com.example.groupshop.GroupshopApplicationTests

  .   ____          _            __ _ _
 /\\ / ___'_ __ _ _(_)_ __  __ _ \ \ \ \
( ( )\___ | '_ | '_| | '_ \/ _` | \ \ \ \
 \\/  ___)| |_)| | | | | || (_| |  ) ) ) )
  '  |____| .__|_| |_|_| |_\__, | / / / /
 =========|_|==============|___/=/_/_/_/
 :: Spring Boot ::                (v3.2.5)

2026-06-24T17:04:17.146+08:00  INFO 52160 --- [groupshop] [           main] c.e.groupshop.GroupshopApplicationTests  : Starting GroupshopApplicationTests using Java 21.0.11 with PID 52160 (started by zesuy in /home/zesuy/work/Engnerring_train-dev1/backend)
2026-06-24T17:04:17.147+08:00  INFO 52160 --- [groupshop] [           main] c.e.groupshop.GroupshopApplicationTests  : The following 1 profile is active: "test"
2026-06-24T17:04:17.512+08:00  WARN 52160 --- [groupshop] [           main] o.m.s.mapper.ClassPathMapperScanner      : No MyBatis mapper was found in '[com.example.groupshop]' package. Please check your configuration.
 _ _   |_  _ _|_. ___ _ |    _ 
| | |\/|_)(_| | |_\  |_)||_|_\ 
     /               |         
                        3.5.7 
2026-06-24T17:04:17.981+08:00  INFO 52160 --- [groupshop] [           main] com.zaxxer.hikari.HikariDataSource       : HikariPool-1 - Starting...
2026-06-24T17:04:18.088+08:00  INFO 52160 --- [groupshop] [           main] com.zaxxer.hikari.pool.HikariPool        : HikariPool-1 - Added connection conn0: url=jdbc:h2:mem:groupshop user=SA
2026-06-24T17:04:18.089+08:00  INFO 52160 --- [groupshop] [           main] com.zaxxer.hikari.HikariDataSource       : HikariPool-1 - Start completed.
2026-06-24T17:04:18.132+08:00  INFO 52160 --- [groupshop] [           main] o.f.c.internal.license.VersionPrinter    : Flyway Community Edition 9.22.3 by Redgate
2026-06-24T17:04:18.132+08:00  INFO 52160 --- [groupshop] [           main] o.f.c.internal.license.VersionPrinter    : See release notes here: https://rd.gt/416ObMi
2026-06-24T17:04:18.132+08:00  INFO 52160 --- [groupshop] [           main] o.f.c.internal.license.VersionPrinter    : 
2026-06-24T17:04:18.157+08:00  INFO 52160 --- [groupshop] [           main] org.flywaydb.core.FlywayExecutor         : Database: jdbc:h2:mem:groupshop (H2 2.2)
2026-06-24T17:04:18.160+08:00  WARN 52160 --- [groupshop] [           main] o.f.c.internal.database.base.Database    : Flyway upgrade recommended: H2 2.2.224 is newer than this version of Flyway and support has not been tested. The latest supported version of H2 is 2.2.220.
2026-06-24T17:04:18.176+08:00  INFO 52160 --- [groupshop] [           main] o.f.c.i.s.JdbcTableSchemaHistory         : Schema history table "PUBLIC"."flyway_schema_history" does not exist yet
2026-06-24T17:04:18.178+08:00  INFO 52160 --- [groupshop] [           main] o.f.core.internal.command.DbValidate     : Successfully validated 1 migration (execution time 00:00.011s)
2026-06-24T17:04:18.182+08:00  INFO 52160 --- [groupshop] [           main] o.f.c.i.s.JdbcTableSchemaHistory         : Creating Schema History table "PUBLIC"."flyway_schema_history" ...
2026-06-24T17:04:18.200+08:00  INFO 52160 --- [groupshop] [           main] o.f.core.internal.command.DbMigrate      : Current version of schema "PUBLIC": << Empty Schema >>
2026-06-24T17:04:18.220+08:00  INFO 52160 --- [groupshop] [           main] o.f.core.internal.command.DbMigrate      : Migrating schema "PUBLIC" to version "1 - create mvp tables"
2026-06-24T17:04:18.259+08:00  INFO 52160 --- [groupshop] [           main] o.f.core.internal.command.DbMigrate      : Successfully applied 1 migration to schema "PUBLIC", now at version v1 (execution time 00:00.032s)
2026-06-24T17:04:18.345+08:00  INFO 52160 --- [groupshop] [           main] c.e.groupshop.GroupshopApplicationTests  : Started GroupshopApplicationTests in 1.356 seconds (process running for 1.835)
]]></system-out>
    <system-err><![CDATA[WARNING: A Java agent has been loaded dynamically (/home/zesuy/.m2/repository/net/bytebuddy/byte-buddy-agent/1.14.13/byte-buddy-agent-1.14.13.jar)
WARNING: If a serviceability tool is in use, please run with -XX:+EnableDynamicAgentLoading to hide this warning
WARNING: If a serviceability tool is not in use, please run with -Djdk.instrument.traceUsage for more information
WARNING: Dynamic loading of agents will be disallowed by default in a future release
]]></system-err>
  </testcase>
  <testcase name="healthControllerBeanExists" classname="com.example.groupshop.GroupshopApplicationTests" time="0.001"/>
</testsuite>