<?xml version="1.0" encoding="UTF-8"?>
<testsuite xmlns:xsi="http://www.w3.org/2001/XMLSchema-instance" xsi:noNamespaceSchemaLocation="https://maven.apache.org/surefire/maven-surefire-plugin/xsd/surefire-test-report-3.0.xsd" version="3.0" name="com.example.groupshop.migration.FlywayMigrationTest" time="0.044" tests="18" errors="0" skipped="0" failures="0">
  <properties>
[...]
</properties>
  <testcase name="groupBuysTable_hasRequiredColumns" classname="com.example.groupshop.migration.FlywayMigrationTest" time="0.007">
    <system-out><![CDATA[2026-06-25T14:41:45.705+08:00 DEBUG 5955 --- [groupshop] [           main] .b.t.c.SpringBootTestContextBootstrapper : Neither @ContextConfiguration nor @ContextHierarchy found for test class [FlywayMigrationTest]: using SpringBootContextLoader
2026-06-25T14:41:45.705+08:00  INFO 5955 --- [groupshop] [           main] t.c.s.AnnotationConfigContextLoaderUtils : Could not detect default configuration classes for test class [com.example.groupshop.migration.FlywayMigrationTest]: FlywayMigrationTest does not declare any static, non-private, non-final, nested classes annotated with @Configuration.
2026-06-25T14:41:45.706+08:00 DEBUG 5955 --- [groupshop] [           main] .b.t.c.SpringBootTestContextBootstrapper : Using ContextCustomizerFactory implementations for test class [FlywayMigrationTest]: [ImportsContextCustomizerFactory, ExcludeFilterContextCustomizerFactory, HttpGraphQlTesterContextCustomizerFactory, DuplicateJsonObjectContextCustomizerFactory, MockitoContextCustomizerFactory, TestRestTemplateContextCustomizerFactory, WebTestClientContextCustomizerFactory, OverrideAutoConfigurationContextCustomizerFactory, ObservabilityContextCustomizerFactory, TypeExcludeFiltersContextCustomizerFactory, PropertyMappingContextCustomizerFactory, WebDriverContextCustomizerFactory, MockServerContainerContextCustomizerFactory, DynamicPropertiesContextCustomizerFactory]
2026-06-25T14:41:45.706+08:00 DEBUG 5955 --- [groupshop] [           main] .b.t.c.SpringBootTestContextBootstrapper : Using ContextCustomizers for test class [FlywayMigrationTest]: [ExcludeFilterContextCustomizer, DuplicateJsonObjectContextCustomizer, MockitoContextCustomizer, TestRestTemplateContextCustomizer, DisableObservabilityContextCustomizer, PropertyMappingContextCustomizer, WebDriverContextCustomizer]
2026-06-25T14:41:45.710+08:00  INFO 5955 --- [groupshop] [           main] .b.t.c.SpringBootTestContextBootstrapper : Found @SpringBootConfiguration com.example.groupshop.GroupshopApplication for test class com.example.groupshop.migration.FlywayMigrationTest
2026-06-25T14:41:45.711+08:00 DEBUG 5955 --- [groupshop] [           main] .b.t.c.SpringBootTestContextBootstrapper : Using TestExecutionListeners for test class [FlywayMigrationTest]: [ServletTestExecutionListener, DirtiesContextBeforeModesTestExecutionListener, ApplicationEventsTestExecutionListener, MockitoTestExecutionListener, DependencyInjectionTestExecutionListener, DirtiesContextTestExecutionListener, TransactionalTestExecutionListener, SqlScriptsTestExecutionListener, EventPublishingTestExecutionListener, ResetMocksTestExecutionListener, RestDocsTestExecutionListener, MockRestServiceServerResetTestExecutionListener, MockMvcPrintOnlyOnFailureTestExecutionListener, WebDriverTestExecutionListener, MockWebServiceServerTestExecutionListener]
]]></system-out>
  </testcase>
  <testcase name="memberRelationsTable_hasRequiredColumns" classname="com.example.groupshop.migration.FlywayMigrationTest" time="0.003"/>
  <testcase name="storesHasUniqueConstraintOnLeaderId" classname="com.example.groupshop.migration.FlywayMigrationTest" time="0.002"/>
  <testcase name="memberRelationsHasUniqueConstraintOnUserAndStore" classname="com.example.groupshop.migration.FlywayMigrationTest" time="0.001"/>
  <testcase name="allExpectedTablesExist" classname="com.example.groupshop.migration.FlywayMigrationTest" time="0.001"/>
  <testcase name="subscriptionsTable_hasRequiredColumns" classname="com.example.groupshop.migration.FlywayMigrationTest" time="0.001"/>
  <testcase name="ordersTable_hasRequiredColumns" classname="com.example.groupshop.migration.FlywayMigrationTest" time="0.001"/>
  <testcase name="leadersTable_hasRequiredColumns" classname="com.example.groupshop.migration.FlywayMigrationTest" time="0.0"/>
  <testcase name="addressesTable_hasRequiredColumns" classname="com.example.groupshop.migration.FlywayMigrationTest" time="0.002"/>
  <testcase name="subscriptionsHasUniqueConstraintOnUserAndLeader" classname="com.example.groupshop.migration.FlywayMigrationTest" time="0.001"/>
  <testcase name="productsTable_hasRequiredColumns" classname="com.example.groupshop.migration.FlywayMigrationTest" time="0.001"/>
  <testcase name="usersTable_hasRequiredColumns" classname="com.example.groupshop.migration.FlywayMigrationTest" time="0.001"/>
  <testcase name="groupBuyItemsTable_hasRequiredColumns" classname="com.example.groupshop.migration.FlywayMigrationTest" time="0.001"/>
  <testcase name="orderItemsTable_hasRequiredColumns" classname="com.example.groupshop.migration.FlywayMigrationTest" time="0.001"/>
  <testcase name="ordersHasUniqueConstraintOnOrderNo" classname="com.example.groupshop.migration.FlywayMigrationTest" time="0.001"/>
  <testcase name="leadersHasUniqueConstraintOnUserId" classname="com.example.groupshop.migration.FlywayMigrationTest" time="0.001"/>
  <testcase name="storesTable_hasRequiredColumns" classname="com.example.groupshop.migration.FlywayMigrationTest" time="0.002"/>
  <testcase name="shipmentsTable_hasRequiredColumns" classname="com.example.groupshop.migration.FlywayMigrationTest" time="0.001"/>
</testsuite>